[30-Nov-2024 10:20:34 UTC] PHP Fatal error:  Uncaught Error: Call to undefined function wp_header() in C:\Users\eellg\Local Sites\simplex-20\app\public\wp-content\themes\simplex2.0\header.php:11
Stack trace:
#0 C:\Users\eellg\Local Sites\simplex-20\app\public\wp-includes\template.php(810): require_once()
#1 C:\Users\eellg\Local Sites\simplex-20\app\public\wp-includes\template.php(745): load_template('C:\\Users\\eellg\\...', true, Array)
#2 C:\Users\eellg\Local Sites\simplex-20\app\public\wp-includes\general-template.php(48): locate_template(Array, true, true, Array)
#3 C:\Users\eellg\Local Sites\simplex-20\app\public\wp-content\themes\simplex2.0\index.php(5): get_header()
#4 C:\Users\eellg\Local Sites\simplex-20\app\public\wp-includes\template-loader.php(106): include('C:\\Users\\eellg\\...')
#5 C:\Users\eellg\Local Sites\simplex-20\app\public\wp-blog-header.php(19): require_once('C:\\Users\\eellg\\...')
#6 C:\Users\eellg\Local Sites\simplex-20\app\public\index.php(17): require('C:\\Users\\eellg\\...')
#7 {main}
  thrown in C:\Users\eellg\Local Sites\simplex-20\app\public\wp-content\themes\simplex2.0\header.php on line 11
[30-Nov-2024 12:48:46 UTC] PHP Parse error:  syntax error, unexpected end of file, expecting "elseif" or "else" or "endif" in C:\Users\eellg\Local Sites\simplex-20\app\public\wp-content\themes\simplex2.0\functions.php on line 41
[30-Nov-2024 12:48:46 UTC] PHP Warning:  Trying to access array offset on value of type bool in C:\Users\eellg\Local Sites\simplex-20\app\public\wp-includes\class-wp-recovery-mode-email-service.php on line 367
[30-Nov-2024 12:48:46 UTC] PHP Warning:  Trying to access array offset on value of type bool in C:\Users\eellg\Local Sites\simplex-20\app\public\wp-includes\class-wp-recovery-mode-email-service.php on line 368
[30-Nov-2024 12:50:25 UTC] PHP Parse error:  syntax error, unexpected end of file, expecting "elseif" or "else" or "endif" in C:\Users\eellg\Local Sites\simplex-20\app\public\wp-content\themes\simplex2.0\functions.php on line 41
[30-Nov-2024 12:50:26 UTC] PHP Parse error:  syntax error, unexpected end of file, expecting "elseif" or "else" or "endif" in C:\Users\eellg\Local Sites\simplex-20\app\public\wp-content\themes\simplex2.0\functions.php on line 41
[30-Nov-2024 12:50:28 UTC] PHP Parse error:  syntax error, unexpected end of file, expecting "elseif" or "else" or "endif" in C:\Users\eellg\Local Sites\simplex-20\app\public\wp-content\themes\simplex2.0\functions.php on line 41
[30-Nov-2024 12:50:29 UTC] PHP Parse error:  syntax error, unexpected end of file, expecting "elseif" or "else" or "endif" in C:\Users\eellg\Local Sites\simplex-20\app\public\wp-content\themes\simplex2.0\functions.php on line 41
[30-Nov-2024 12:50:29 UTC] PHP Parse error:  syntax error, unexpected end of file, expecting "elseif" or "else" or "endif" in C:\Users\eellg\Local Sites\simplex-20\app\public\wp-content\themes\simplex2.0\functions.php on line 41
[30-Nov-2024 12:50:30 UTC] PHP Parse error:  syntax error, unexpected end of file, expecting "elseif" or "else" or "endif" in C:\Users\eellg\Local Sites\simplex-20\app\public\wp-content\themes\simplex2.0\functions.php on line 41
[30-Nov-2024 12:50:30 UTC] PHP Parse error:  syntax error, unexpected end of file, expecting "elseif" or "else" or "endif" in C:\Users\eellg\Local Sites\simplex-20\app\public\wp-content\themes\simplex2.0\functions.php on line 41
[30-Nov-2024 12:50:30 UTC] PHP Parse error:  syntax error, unexpected end of file, expecting "elseif" or "else" or "endif" in C:\Users\eellg\Local Sites\simplex-20\app\public\wp-content\themes\simplex2.0\functions.php on line 41
[30-Nov-2024 12:50:31 UTC] PHP Parse error:  syntax error, unexpected end of file, expecting "elseif" or "else" or "endif" in C:\Users\eellg\Local Sites\simplex-20\app\public\wp-content\themes\simplex2.0\functions.php on line 41
[30-Nov-2024 12:50:32 UTC] PHP Parse error:  syntax error, unexpected end of file, expecting "elseif" or "else" or "endif" in C:\Users\eellg\Local Sites\simplex-20\app\public\wp-content\themes\simplex2.0\functions.php on line 41
[30-Nov-2024 13:10:43 UTC] PHP Parse error:  syntax error, unexpected identifier "action" in C:\Users\eellg\Local Sites\simplex-20\app\public\wp-content\themes\simplex2.0\functions.php on line 71
[30-Nov-2024 13:10:43 UTC] PHP Parse error:  syntax error, unexpected identifier "action" in C:\Users\eellg\Local Sites\simplex-20\app\public\wp-content\themes\simplex2.0\functions.php on line 71
[30-Nov-2024 13:10:54 UTC] PHP Parse error:  syntax error, unexpected end of file, expecting "elseif" or "else" or "endif" in C:\Users\eellg\Local Sites\simplex-20\app\public\wp-content\themes\simplex2.0\functions.php on line 87
[30-Nov-2024 13:10:54 UTC] PHP Parse error:  syntax error, unexpected end of file, expecting "elseif" or "else" or "endif" in C:\Users\eellg\Local Sites\simplex-20\app\public\wp-content\themes\simplex2.0\functions.php on line 87
[30-Nov-2024 13:17:59 UTC] PHP Fatal error:  Uncaught Error: Call to undefined function esc_url__() in C:\Users\eellg\Local Sites\simplex-20\app\public\wp-content\themes\simplex2.0\functions.php:22
Stack trace:
#0 C:\Users\eellg\Local Sites\simplex-20\app\public\wp-includes\class-wp-hook.php(324): simplex_setup('')
#1 C:\Users\eellg\Local Sites\simplex-20\app\public\wp-includes\class-wp-hook.php(348): WP_Hook->apply_filters(NULL, Array)
#2 C:\Users\eellg\Local Sites\simplex-20\app\public\wp-includes\plugin.php(517): WP_Hook->do_action(Array)
#3 C:\Users\eellg\Local Sites\simplex-20\app\public\wp-settings.php(682): do_action('after_setup_the...')
#4 C:\Users\eellg\Local Sites\simplex-20\app\public\wp-config.php(103): require_once('C:\\Users\\eellg\\...')
#5 C:\Users\eellg\Local Sites\simplex-20\app\public\wp-load.php(50): require_once('C:\\Users\\eellg\\...')
#6 C:\Users\eellg\Local Sites\simplex-20\app\public\wp-blog-header.php(13): require_once('C:\\Users\\eellg\\...')
#7 C:\Users\eellg\Local Sites\simplex-20\app\public\index.php(17): require('C:\\Users\\eellg\\...')
#8 {main}
  thrown in C:\Users\eellg\Local Sites\simplex-20\app\public\wp-content\themes\simplex2.0\functions.php on line 22
[30-Nov-2024 13:17:59 UTC] PHP Fatal error:  Uncaught Error: Call to undefined function esc_url__() in C:\Users\eellg\Local Sites\simplex-20\app\public\wp-content\themes\simplex2.0\functions.php:22
Stack trace:
#0 C:\Users\eellg\Local Sites\simplex-20\app\public\wp-includes\class-wp-hook.php(324): simplex_setup('')
#1 C:\Users\eellg\Local Sites\simplex-20\app\public\wp-includes\class-wp-hook.php(348): WP_Hook->apply_filters(NULL, Array)
#2 C:\Users\eellg\Local Sites\simplex-20\app\public\wp-includes\plugin.php(517): WP_Hook->do_action(Array)
#3 C:\Users\eellg\Local Sites\simplex-20\app\public\wp-settings.php(682): do_action('after_setup_the...')
#4 C:\Users\eellg\Local Sites\simplex-20\app\public\wp-config.php(103): require_once('C:\\Users\\eellg\\...')
#5 C:\Users\eellg\Local Sites\simplex-20\app\public\wp-load.php(50): require_once('C:\\Users\\eellg\\...')
#6 C:\Users\eellg\Local Sites\simplex-20\app\public\wp-blog-header.php(13): require_once('C:\\Users\\eellg\\...')
#7 C:\Users\eellg\Local Sites\simplex-20\app\public\index.php(17): require('C:\\Users\\eellg\\...')
#8 {main}
  thrown in C:\Users\eellg\Local Sites\simplex-20\app\public\wp-content\themes\simplex2.0\functions.php on line 22
[30-Nov-2024 13:28:36 UTC] PHP Fatal error:  Uncaught Error: Call to undefined function esc_url__() in C:\Users\eellg\Local Sites\simplex-20\app\public\wp-content\themes\simplex2.0\functions.php:22
Stack trace:
#0 C:\Users\eellg\Local Sites\simplex-20\app\public\wp-includes\class-wp-hook.php(324): simplex_setup('')
#1 C:\Users\eellg\Local Sites\simplex-20\app\public\wp-includes\class-wp-hook.php(348): WP_Hook->apply_filters(NULL, Array)
#2 C:\Users\eellg\Local Sites\simplex-20\app\public\wp-includes\plugin.php(517): WP_Hook->do_action(Array)
#3 C:\Users\eellg\Local Sites\simplex-20\app\public\wp-settings.php(682): do_action('after_setup_the...')
#4 C:\Users\eellg\Local Sites\simplex-20\app\public\wp-config.php(103): require_once('C:\\Users\\eellg\\...')
#5 C:\Users\eellg\Local Sites\simplex-20\app\public\wp-load.php(50): require_once('C:\\Users\\eellg\\...')
#6 C:\Users\eellg\Local Sites\simplex-20\app\public\wp-blog-header.php(13): require_once('C:\\Users\\eellg\\...')
#7 C:\Users\eellg\Local Sites\simplex-20\app\public\index.php(17): require('C:\\Users\\eellg\\...')
#8 {main}
  thrown in C:\Users\eellg\Local Sites\simplex-20\app\public\wp-content\themes\simplex2.0\functions.php on line 22
[30-Nov-2024 13:28:36 UTC] PHP Fatal error:  Uncaught Error: Call to undefined function esc_url__() in C:\Users\eellg\Local Sites\simplex-20\app\public\wp-content\themes\simplex2.0\functions.php:22
Stack trace:
#0 C:\Users\eellg\Local Sites\simplex-20\app\public\wp-includes\class-wp-hook.php(324): simplex_setup('')
#1 C:\Users\eellg\Local Sites\simplex-20\app\public\wp-includes\class-wp-hook.php(348): WP_Hook->apply_filters(NULL, Array)
#2 C:\Users\eellg\Local Sites\simplex-20\app\public\wp-includes\plugin.php(517): WP_Hook->do_action(Array)
#3 C:\Users\eellg\Local Sites\simplex-20\app\public\wp-settings.php(682): do_action('after_setup_the...')
#4 C:\Users\eellg\Local Sites\simplex-20\app\public\wp-config.php(103): require_once('C:\\Users\\eellg\\...')
#5 C:\Users\eellg\Local Sites\simplex-20\app\public\wp-load.php(50): require_once('C:\\Users\\eellg\\...')
#6 C:\Users\eellg\Local Sites\simplex-20\app\public\wp-blog-header.php(13): require_once('C:\\Users\\eellg\\...')
#7 C:\Users\eellg\Local Sites\simplex-20\app\public\index.php(17): require('C:\\Users\\eellg\\...')
#8 {main}
  thrown in C:\Users\eellg\Local Sites\simplex-20\app\public\wp-content\themes\simplex2.0\functions.php on line 22
